"../../../../../../Users/tucha/Documents/GitHub/NinjaProjectUnreal/Content/Assets/Mesh/SK_Mannequin.uasset" 0
"../../../../../../Users/tucha/Documents/GitHub/NinjaProjectUnreal/Content/Assets/Sounds/checkpoint.uasset" 1
"../../../../../../Users/tucha/Documents/GitHub/NinjaProjectUnreal/Content/Assets/Sounds/checkpoint_Cue.uasset" 2
"../../../../../../Users/tucha/Documents/GitHub/NinjaProjectUnreal/Content/Blueprints/MyGameInstance.uasset" 3
"../../../../../../Users/tucha/Documents/GitHub/NinjaProjectUnreal/Content/Blueprints/2ndMenu.uasset" 4
"../../../../../../Users/tucha/Documents/GitHub/NinjaProjectUnreal/Content/Blueprints/Health_UI.uasset" 5
"../../../Engine/Content/EditorBlueprintResources/StandardMacros.uasset" 6
"../../../../../../Users/tucha/Documents/GitHub/NinjaProjectUnreal/Content/Assets/Sounds/456373__felixyadomi__hop9.uasset" 7
"../../../../../../Users/tucha/Documents/GitHub/NinjaProjectUnreal/Content/Assets/Sounds/456373__felixyadomi__hop9_Cue.uasset" 8
"../../../../../../Users/tucha/Documents/GitHub/NinjaProjectUnreal/Content/Assets/Sounds/326133__wagna__falling.uasset" 9
"../../../../../../Users/tucha/Documents/GitHub/NinjaProjectUnreal/Content/Assets/Sounds/326133__wagna__falling_Cue.uasset" 10
"../../../../../../Users/tucha/Documents/GitHub/NinjaProjectUnreal/Content/Assets/Sounds/563356__nicholasdaryl__cartoonpunch_1.uasset" 11
"../../../../../../Users/tucha/Documents/GitHub/NinjaProjectUnreal/Content/Assets/Sounds/563356__nicholasdaryl__cartoonpunch_1_Cue.uasset" 12
"../../../../../../Users/tucha/Documents/GitHub/NinjaProjectUnreal/Content/Enemy/Ch43_1001_Diffuse.uasset" 13
"../../../../../../Users/tucha/Documents/GitHub/NinjaProjectUnreal/Content/_Marvelmaster_infinite_reactive_water_/Textures/DebugTextures/buoyancy_plane.uasset" 14
"../../../../../../Users/tucha/Documents/GitHub/NinjaProjectUnreal/Content/Mannequin/Character/Mesh/UE4_Mannequin_Skeleton.uasset" 15
"../../../Engine/Content/Animation/DefaultAnimCurveCompressionSettings.uasset" 16
"../../../Engine/Content/Animation/DefaultAnimBoneCompressionSettings.uasset" 17
"../../../../../../Users/tucha/Documents/GitHub/NinjaProjectUnreal/Content/Mannequin/Animations/SlidingDown.uasset" 18
"../../../../../../Users/tucha/Documents/GitHub/NinjaProjectUnreal/Content/Mannequin/Animations/slidemontage.uasset" 19
"../../../../../../Users/tucha/Documents/GitHub/NinjaProjectUnreal/Content/Level/SpinningPlatforms/AntiClockwise.uasset" 20
"../../../../../../Users/tucha/Documents/GitHub/NinjaProjectUnreal/Content/Level/Rollers/Bluewalls.uasset" 21
"../../../../../../Users/tucha/Documents/GitHub/NinjaProjectUnreal/Content/Mannequin/Character/Mesh/SK_Mannequin_PhysicsAsset.uasset" 22
"../../../../../../Users/tucha/Documents/GitHub/NinjaProjectUnreal/Content/Mannequin/Character/Textures/T_UE4Logo_N.uasset" 23
"../../../../../../Users/tucha/Documents/GitHub/NinjaProjectUnreal/Content/Mannequin/Character/Textures/T_UE4Logo_Mask.uasset" 24
"../../../../../../Users/tucha/Documents/GitHub/NinjaProjectUnreal/Content/Mannequin/Character/Textures/T_Male_N.uasset" 25
"../../../../../../Users/tucha/Documents/GitHub/NinjaProjectUnreal/Content/Mannequin/Character/Textures/T_Male_Mask.uasset" 26
"../../../../../../Users/tucha/Documents/GitHub/NinjaProjectUnreal/Content/Mannequin/Character/Materials/MaterialLayers/T_ML_Rubber_Blue_01_N.uasset" 27
"../../../../../../Users/tucha/Documents/GitHub/NinjaProjectUnreal/Content/Mannequin/Character/Materials/MaterialLayers/T_ML_Rubber_Blue_01_D.uasset" 28
"../../../../../../Users/tucha/Documents/GitHub/NinjaProjectUnreal/Content/Mannequin/Character/Materials/MaterialLayers/T_ML_Aluminum01_N.uasset" 29
"../../../../../../Users/tucha/Documents/GitHub/NinjaProjectUnreal/Content/Mannequin/Character/Materials/MaterialLayers/T_ML_Aluminum01.uasset" 30
"../../../../../../Users/tucha/Documents/GitHub/NinjaProjectUnreal/Content/Mannequin/Character/Materials/MaterialLayers/ML_SoftMetal_UE4.uasset" 31
"../../../../../../Users/tucha/Documents/GitHub/NinjaProjectUnreal/Content/Mannequin/Character/Materials/MaterialLayers/ML_Plastic_Shiny_Beige_LOGO.uasset" 32
"../../../../../../Users/tucha/Documents/GitHub/NinjaProjectUnreal/Content/Mannequin/Character/Materials/MaterialLayers/ML_Plastic_Shiny_Beige.uasset" 33
"../../../../../../Users/tucha/Documents/GitHub/NinjaProjectUnreal/Content/Mannequin/Character/Materials/MaterialLayers/ML_GlossyBlack_Latex_UE4.uasset" 34
"../../../Engine/Content/Functions/MaterialLayerFunctions/MatLayerBlend_Simple.uasset" 35
"../../../Engine/Content/Functions/Engine_MaterialFunctions02/Utility/BlendAngleCorrectedNormals.uasset" 36
"../../../Engine/Content/Functions/MaterialLayerFunctions/MatLayerBlend_NormalBlend.uasset" 37
"../../../../../../Users/tucha/Documents/GitHub/NinjaProjectUnreal/Content/Mannequin/Character/Materials/M_Male_Body.uasset" 38
"../../../../../../Users/tucha/Documents/GitHub/NinjaProjectUnreal/Content/Mannequin/Character/Materials/M_UE4Man_ChestLogo.uasset" 39
"../../../../../../Users/tucha/Documents/GitHub/NinjaProjectUnreal/Content/Mannequin/Character/Mesh/SK_Mannequin.uasset" 40
"../../../../../../Users/tucha/Documents/GitHub/NinjaProjectUnreal/Content/Mannequin/Animations/Light_Punch.uasset" 41
"../../../../../../Users/tucha/Documents/GitHub/NinjaProjectUnreal/Content/Mannequin/Animations/KnockedOut.uasset" 42
"../../../../../../Users/tucha/Documents/GitHub/NinjaProjectUnreal/Content/Mannequin/Animations/Heavy_Punch.uasset" 43
"../../../../../../Users/tucha/Documents/GitHub/NinjaProjectUnreal/Content/Mannequin/Animations/Grab.uasset" 44
"../../../../../../Users/tucha/Documents/GitHub/NinjaProjectUnreal/Content/Mannequin/Animations/ThirdPersonIdle.uasset" 45
"../../../../../../Users/tucha/Documents/GitHub/NinjaProjectUnreal/Content/Mannequin/Animations/ThirdPersonWalk.uasset" 46
"../../../../../../Users/tucha/Documents/GitHub/NinjaProjectUnreal/Content/Mannequin/Animations/ThirdPersonRun.uasset" 47
"../../../../../../Users/tucha/Documents/GitHub/NinjaProjectUnreal/Content/Mannequin/Animations/ThirdPerson_IdleRun_2D.uasset" 48
"../../../../../../Users/tucha/Documents/GitHub/NinjaProjectUnreal/Content/Mannequin/Animations/wall_run_right.uasset" 49
"../../../../../../Users/tucha/Documents/GitHub/NinjaProjectUnreal/Content/Mannequin/Animations/wall_run_left.uasset" 50
"../../../../../../Users/tucha/Documents/GitHub/NinjaProjectUnreal/Content/Mannequin/Animations/ThirdPerson_Jump.uasset" 51
"../../../../../../Users/tucha/Documents/GitHub/NinjaProjectUnreal/Content/Mannequin/Animations/ThirdPersonJump_Start.uasset" 52
"../../../../../../Users/tucha/Documents/GitHub/NinjaProjectUnreal/Content/Mannequin/Animations/ThirdPersonJump_Loop.uasset" 53
"../../../../../../Users/tucha/Documents/GitHub/NinjaProjectUnreal/Content/Mannequin/Animations/ThirdPerson_AnimBP.uasset" 54
"../../../../../../Users/tucha/Documents/GitHub/NinjaProjectUnreal/Content/Assets/Materials/Base/M_FlatBase.uasset" 55
"../../../../../../Users/tucha/Documents/GitHub/NinjaProjectUnreal/Content/Assets/Materials/Base/M_FlatPlayerRed_Instance.uasset" 56
"../../../../../../Users/tucha/Documents/GitHub/NinjaProjectUnreal/Content/Assets/Materials/Base/M_FlatPlayerOrange_Instance.uasset" 57
"../../../../../../Users/tucha/Documents/GitHub/NinjaProjectUnreal/Content/Assets/Materials/Base/M_FlatPlayerBlue_Instance.uasset" 58
"../../../../../../Users/tucha/Documents/GitHub/NinjaProjectUnreal/Content/Assets/Materials/Base/M_FlatPlayerGreen_Instance.uasset" 59
"../../../../../../Users/tucha/Documents/GitHub/NinjaProjectUnreal/Content/Blueprints/BP_Player.uasset" 60
"../../../../../../Users/tucha/Documents/GitHub/NinjaProjectUnreal/Content/Blueprints/AI/PlayerContext.uasset" 61
"../../../../../../Users/tucha/Documents/GitHub/NinjaProjectUnreal/Content/Level/SlowDown/SlowDown_TriggerBox.uasset" 62
"../../../../../../Users/tucha/Documents/GitHub/NinjaProjectUnreal/Content/Blueprints/Platform/SlowDown_TriggerBox.uasset" 63
"../../../../../../Users/tucha/Documents/GitHub/NinjaProjectUnreal/Content/Level/Conveyer/Conveyor_Mask_T.uasset" 64
"../../../../../../Users/tucha/Documents/GitHub/NinjaProjectUnreal/Content/Level/Conveyer/ConveyerMaterial.uasset" 65
"../../../../../../Users/tucha/Documents/GitHub/NinjaProjectUnreal/Content/Level/Conveyer/02_-_Default.uasset" 66
"../../../../../../Users/tucha/Documents/GitHub/NinjaProjectUnreal/Content/Level/Conveyer/Conveyer_SM.uasset" 67
"../../../../../../Users/tucha/Documents/GitHub/NinjaProjectUnreal/Content/Level/Conveyer/Conveyer_BP.uasset" 68
"../../../../../../Users/tucha/Documents/GitHub/NinjaProjectUnreal/Content/Blueprints/Platform/Conveyer/Conveyer_BP.uasset" 69
"../../../Engine/Content/EngineMeshes/Humanoid.uasset" 70
"../../../../../../Users/tucha/Documents/GitHub/NinjaProjectUnreal/Content/Enemy/Wrestler_Skeleton.uasset" 71
"../../../../../../Users/tucha/Documents/GitHub/NinjaProjectUnreal/Content/Enemy/Wrestler_Anim_mixamo_com.uasset" 72
"../../../../../../Users/tucha/Documents/GitHub/NinjaProjectUnreal/Content/Enemy/Wrestler_Anim_Take_001.uasset" 73
"../../../../../../Users/tucha/Documents/GitHub/NinjaProjectUnreal/Content/Level/Conveyer/Reversed/02_-_Default.uasset" 74
"../../../../../../Users/tucha/Documents/GitHub/NinjaProjectUnreal/Content/Level/Conveyer/Reversed/Conveyor_Mask_T.uasset" 75
"../../../../../../Users/tucha/Documents/GitHub/NinjaProjectUnreal/Content/Level/Floor/lambert2.uasset" 76
"../../../../../../Users/tucha/Documents/GitHub/NinjaProjectUnreal/Content/Level/Floor/FloorBig.uasset" 77
"../../../../../../Users/tucha/Documents/GitHub/NinjaProjectUnreal/Content/Level/Ramp/lambert2.uasset" 78
"../../../../../../Users/tucha/Documents/GitHub/NinjaProjectUnreal/Content/Level/Floor/FlatFloorBP.uasset" 79
"../../../../../../Users/tucha/Documents/GitHub/NinjaProjectUnreal/Content/Level/Floor/FloorBP.uasset" 80
"../../../../../../Users/tucha/Documents/GitHub/NinjaProjectUnreal/Content/Level/Floor/Pink.uasset" 81
"../../../../../../Users/tucha/Documents/GitHub/NinjaProjectUnreal/Content/Level/Floor/SmallFloor.uasset" 82
"../../../../../../Users/tucha/Documents/GitHub/NinjaProjectUnreal/Content/Level/Floor/littleplatformTex2.uasset" 83
"../../../../../../Users/tucha/Documents/GitHub/NinjaProjectUnreal/Content/Level/Floor/lambert3.uasset" 84
"../../../../../../Users/tucha/Documents/GitHub/NinjaProjectUnreal/Content/Level/Floor/SmallPlatform.uasset" 85
"../../../../../../Users/tucha/Documents/GitHub/NinjaProjectUnreal/Content/Level/SpinningPlatforms/NewBlueprint.uasset" 86
"../../../../../../Users/tucha/Documents/GitHub/NinjaProjectUnreal/Content/Level/Teleporter/TeleporterImg.uasset" 87
"../../../../../../Users/tucha/Documents/GitHub/NinjaProjectUnreal/Content/Level/Wall/lambert2.uasset" 88
"../../../../../../Users/tucha/Documents/GitHub/NinjaProjectUnreal/Content/Level/Wall/Wall.uasset" 89
"../../../../../../Users/tucha/Documents/GitHub/NinjaProjectUnreal/Content/Level/Wall/WallSplineBP.uasset" 90
"../../../../../../Users/tucha/Documents/GitHub/NinjaProjectUnreal/Content/Level/Wall/WallSplineBPFix.uasset" 91
"../../../../../../Users/tucha/Documents/GitHub/NinjaProjectUnreal/Content/Mannequin/Animations/M_Male_Body.uasset" 92
"../../../../../../Users/tucha/Documents/GitHub/NinjaProjectUnreal/Content/Mannequin/Animations/M_UE4Man_ChestLogo.uasset" 93
"../../../../../../Users/tucha/Documents/GitHub/NinjaProjectUnreal/Content/Mannequin/Animations/ThirdPersonJump_End.uasset" 94
"../../../../../../Users/tucha/Documents/GitHub/NinjaProjectUnreal/Content/Mannequin/Character/Mesh/SK_Mannequin_Female_PhysicsAsset.uasset" 95
"../../../../../../Users/tucha/Documents/GitHub/NinjaProjectUnreal/Content/Mannequin/Character/Textures/T_Female_N.uasset" 96
"../../../../../../Users/tucha/Documents/GitHub/NinjaProjectUnreal/Content/Mannequin/Character/Textures/T_Female_Mask.uasset" 97
"../../../../../../Users/tucha/Documents/GitHub/NinjaProjectUnreal/Content/Mannequin/Character/Materials/MI_Female_Body.uasset" 98
"../../../../../../Users/tucha/Documents/GitHub/NinjaProjectUnreal/Content/Mannequin/Character/Mesh/SK_Mannequin_Female.uasset" 99
"../../../../../../Users/tucha/Documents/GitHub/NinjaProjectUnreal/Content/_Marvelmaster_infinite_reactive_water_/Textures/ShapeMasks/StandardMask.uasset" 100
"../../../Engine/Content/EngineMaterials/T_Default_Material_Grid_N.uasset" 101
"../../../Engine/Content/EngineMaterials/T_Default_Material_Grid_M.uasset" 102
"../../../Engine/Content/Functions/Engine_MaterialFunctions01/Opacity/CameraDepthFade.uasset" 103
"../../../Engine/Content/EngineMaterials/WorldGridMaterial.uasset" 104
"../../../../../../Users/tucha/Documents/GitHub/NinjaProjectUnreal/Content/_Marvelmaster_infinite_reactive_water_/Meshes/WaterPlaneForTesselation_4kV.uasset" 105
"../../../../../../Users/tucha/Documents/GitHub/NinjaProjectUnreal/Content/_Marvelmaster_infinite_reactive_water_/Textures/ShapeMasks/MarvelmasterMask.uasset" 106
"../../../../../../Users/tucha/Documents/GitHub/NinjaProjectUnreal/Content/_Marvelmaster_infinite_reactive_water_/Textures/caustics_1024.uasset" 107
"../../../../../../Users/tucha/Documents/GitHub/NinjaProjectUnreal/Content/_Marvelmaster_infinite_reactive_water_/Materials/ComputeMaterials_and_RenderTargets/DefaultHeightfield.uasset" 108
"../../../../../../Users/tucha/Documents/GitHub/NinjaProjectUnreal/Content/_Marvelmaster_infinite_reactive_water_/Materials/MaterialFunctions+Collections/Motion_4WayChaos.uasset" 109
"../../../Engine/Content/EngineMaterials/BlendFunc_DefBlend.uasset" 110
"../../../Engine/Content/EngineMaterials/BlendFunc_DefBase.uasset" 111
"../../../Engine/Content/Functions/Engine_MaterialFunctions03/Blends/Blend_Overlay.uasset" 112
"../../../Engine/Content/Functions/Engine_MaterialFunctions01/Gradient/LinearGradient.uasset" 113
"../../../Engine/Content/Functions/Engine_MaterialFunctions01/ImageAdjustment/CheapContrast.uasset" 114
"../../../../../../Users/tucha/Documents/GitHub/NinjaProjectUnreal/Content/_Marvelmaster_infinite_reactive_water_/Materials/MaterialFunctions+Collections/MaskUV.uasset" 115
"../../../../../../Users/tucha/Documents/GitHub/NinjaProjectUnreal/Content/_Marvelmaster_infinite_reactive_water_/Materials/MaterialFunctions+Collections/GetUVs.uasset" 116
"../../../../../../Users/tucha/Documents/GitHub/NinjaProjectUnreal/Content/_Marvelmaster_infinite_reactive_water_/Materials/BasicMaterials/caustics_mat.uasset" 117
"../../../../../../Users/tucha/Documents/GitHub/NinjaProjectUnreal/Content/_Marvelmaster_infinite_reactive_water_/Materials/BasicMaterials/caustics_mat_Inst.uasset" 118
"../../../../../../Users/tucha/Documents/GitHub/NinjaProjectUnreal/Content/_Marvelmaster_infinite_reactive_water_/Materials/ComputeMaterials_and_RenderTargets/HeightSim.uasset" 119
"../../../../../../Users/tucha/Documents/GitHub/NinjaProjectUnreal/Content/_Marvelmaster_infinite_reactive_water_/Materials/ComputeMaterials_and_RenderTargets/ForceSplat.uasset" 120
"../../../../../../Users/tucha/Documents/GitHub/NinjaProjectUnreal/Content/_Marvelmaster_infinite_reactive_water_/Materials/ComputeMaterials_and_RenderTargets/ComputeNormal.uasset" 121
"../../../../../../Users/tucha/Documents/GitHub/NinjaProjectUnreal/Content/_Marvelmaster_infinite_reactive_water_/Textures/ImpactTexture.uasset" 122
"../../../Engine/Content/EngineMeshes/Sphere.uasset" 123
"../../../../../../Users/tucha/Documents/GitHub/NinjaProjectUnreal/Content/_Marvelmaster_infinite_reactive_water_/Textures/water_normal.uasset" 124
"../../../Engine/Content/Functions/Engine_MaterialFunctions02/Texturing/ScreenAlignedPixelToPixelUVs.uasset" 125
"../../../Engine/Content/EngineMaterials/Good64x64TilingNoiseHighFreq.uasset" 126
"../../../Engine/Content/Functions/Engine_MaterialFunctions02/Utility/DitherTemporalAA.uasset" 127
"../../../Engine/Content/Functions/Engine_MaterialFunctions01/Density/ExponentialDensity.uasset" 128
"../../../Engine/Content/Functions/Engine_MaterialFunctions01/Gradient/RadialGradientExponential.uasset" 129
"../../../../../../Users/tucha/Documents/GitHub/NinjaProjectUnreal/Content/_Marvelmaster_infinite_reactive_water_/Materials/ParticleMaterials/water_emitter_mat.uasset" 130
"../../../../../../Users/tucha/Documents/GitHub/NinjaProjectUnreal/Content/_Marvelmaster_infinite_reactive_water_/Materials/ParticleMaterials/water_emitter_mat_Inst.uasset" 131
"../../../../../../Users/tucha/Documents/GitHub/NinjaProjectUnreal/Content/_Marvelmaster_infinite_reactive_water_/Particles/WaterJetStatic_PS.uasset" 132
"../../../../../../Users/tucha/Documents/GitHub/NinjaProjectUnreal/Content/_Marvelmaster_infinite_reactive_water_/Particles/WaterJetSound.uasset" 133
"../../../../../../Users/tucha/Documents/GitHub/NinjaProjectUnreal/Content/_Marvelmaster_infinite_reactive_water_/Meshes/WaterPlaneForNormal_4V.uasset" 134
"../../../../../../Users/tucha/Documents/GitHub/NinjaProjectUnreal/Content/_Marvelmaster_infinite_reactive_water_/Meshes/Star.uasset" 135
"../../../../../../Users/tucha/Documents/GitHub/NinjaProjectUnreal/Content/_Marvelmaster_infinite_reactive_water_/Materials/ComputeMaterials_and_RenderTargets/Height2.uasset" 136
"../../../../../../Users/tucha/Documents/GitHub/NinjaProjectUnreal/Content/_Marvelmaster_infinite_reactive_water_/Materials/ComputeMaterials_and_RenderTargets/Height1.uasset" 137
"../../../../../../Users/tucha/Documents/GitHub/NinjaProjectUnreal/Content/_Marvelmaster_infinite_reactive_water_/Materials/ComputeMaterials_and_RenderTargets/Height0.uasset" 138
"../../../../../../Users/tucha/Documents/GitHub/NinjaProjectUnreal/Content/_Marvelmaster_infinite_reactive_water_/Grass/ForGrass_MPC.uasset" 139
"../../../../../../Users/tucha/Documents/GitHub/NinjaProjectUnreal/Content/_Marvelmaster_infinite_reactive_water_/Textures/ShapeMasks/RoundMask.uasset" 140
"../../../../../../Users/tucha/Documents/GitHub/NinjaProjectUnreal/Content/_Marvelmaster_infinite_reactive_water_/Materials/ComputeMaterials_and_RenderTargets/DefaultHeightfieldNormal.uasset" 141
"../../../Engine/Content/EngineResources/DefaultTexture.uasset" 142
"../../../../../../Users/tucha/Documents/GitHub/NinjaProjectUnreal/Content/_Marvelmaster_infinite_reactive_water_/Materials/MaterialFunctions+Collections/MaskUV_Normals.uasset" 143
"../../../Engine/Content/Functions/Engine_MaterialFunctions03/Texturing/TwoSidedTexturing.uasset" 144
"../../../Engine/Content/Functions/Engine_MaterialFunctions01/Texturing/FlattenNormal.uasset" 145
"../../../Engine/Content/Functions/Engine_MaterialFunctions01/ImageAdjustment/BlurSampleOffsets.uasset" 146
"../../../Engine/Content/Functions/Engine_MaterialFunctions01/Coordinates/WorldPosition-XY.uasset" 147
"../../../../../../Users/tucha/Documents/GitHub/NinjaProjectUnreal/Content/_Marvelmaster_infinite_reactive_water_/Materials/WaterMaterial.uasset" 148
"../../../../../../Users/tucha/Documents/GitHub/NinjaProjectUnreal/Content/_Marvelmaster_infinite_reactive_water_/Materials/WaterMaterial_Inst_water.uasset" 149
"../../../Engine/Content/EngineMaterials/DefaultDiffuse.uasset" 150
"../../../../../../Users/tucha/Documents/GitHub/NinjaProjectUnreal/Content/_Marvelmaster_infinite_reactive_water_/Materials/WaterMaterial_Inst_clear.uasset" 151
"../../../../../../Users/tucha/Documents/GitHub/NinjaProjectUnreal/Content/_Marvelmaster_infinite_reactive_water_/Materials/BasicMaterials/UnderWaterShake_PP_mat.uasset" 152
"../../../../../../Users/tucha/Documents/GitHub/NinjaProjectUnreal/Content/_Marvelmaster_infinite_reactive_water_/Materials/BasicMaterials/UnderWaterShake_PP_mat_Inst.uasset" 153
"../../../../../../Users/tucha/Documents/GitHub/NinjaProjectUnreal/Content/_Marvelmaster_infinite_reactive_water_/Textures/DebugTextures/PlaneColliderTexture.uasset" 154
"../../../../../../Users/tucha/Documents/GitHub/NinjaProjectUnreal/Content/_Marvelmaster_infinite_reactive_water_/Materials/DebugMaterials/PlaneCollider_mat.uasset" 155
"../../../../../../Users/tucha/Documents/GitHub/NinjaProjectUnreal/Content/_Marvelmaster_infinite_reactive_water_/Textures/DebugTextures/DebugDistance.uasset" 156
"../../../../../../Users/tucha/Documents/GitHub/NinjaProjectUnreal/Content/_Marvelmaster_infinite_reactive_water_/Materials/DebugMaterials/DebugNoDepth.uasset" 157
"../../../../../../Users/tucha/Documents/GitHub/NinjaProjectUnreal/Content/_Marvelmaster_infinite_reactive_water_/Materials/DebugMaterials/buoyancy_plane_mat.uasset" 158
"../../../../../../Users/tucha/Documents/GitHub/NinjaProjectUnreal/Content/_Marvelmaster_infinite_reactive_water_/Materials/ComputeMaterials_and_RenderTargets/DepthCapture.uasset" 159
"../../../../../../Users/tucha/Documents/GitHub/NinjaProjectUnreal/Content/_Marvelmaster_infinite_reactive_water_/Materials/BasicMaterials/Gold_mad.uasset" 160
"../../../../../../Users/tucha/Documents/GitHub/NinjaProjectUnreal/Content/_Marvelmaster_infinite_reactive_water_/Meshes/Plane.uasset" 161
"../../../../../../Users/tucha/Documents/GitHub/NinjaProjectUnreal/Content/_Marvelmaster_infinite_reactive_water_/Materials/ComputeMaterials_and_RenderTargets/SC_Debug_RT.uasset" 162
"../../../../../../Users/tucha/Documents/GitHub/NinjaProjectUnreal/Content/_Marvelmaster_infinite_reactive_water_/Materials/ComputeMaterials_and_RenderTargets/RenderTargetForGrassBend.uasset" 163
"../../../../../../Users/tucha/Documents/GitHub/NinjaProjectUnreal/Content/_Marvelmaster_infinite_reactive_water_/Blueprints/passive/GlobalUpdater_BP.uasset" 164
"../../../../../../Users/tucha/Documents/GitHub/NinjaProjectUnreal/Content/_Marvelmaster_infinite_reactive_water_/Meshes/Cube.uasset" 165
"../../../../../../Users/tucha/Documents/GitHub/NinjaProjectUnreal/Content/_Marvelmaster_infinite_reactive_water_/Materials/BasicMaterials/White_TwoSided_mat.uasset" 166
"../../../../../../Users/tucha/Documents/GitHub/NinjaProjectUnreal/Content/_Marvelmaster_infinite_reactive_water_/Blueprints/WaterBody_BP0.uasset" 167
"../../../../../../Users/tucha/Documents/GitHub/NinjaProjectUnreal/Content/_Marvelmaster_infinite_reactive_water_/Blueprints/passive/WaterBodyFunctions.uasset" 168
"../../../../../../Users/tucha/Documents/GitHub/NinjaProjectUnreal/Content/_Marvelmaster_infinite_reactive_water_/Blueprints/ImpactAtLocation_BP.uasset" 169
"../../../../../../Users/tucha/Documents/GitHub/NinjaProjectUnreal/Content/_Marvelmaster_infinite_reactive_water_/ImpactAtLocation_BP.uasset" 170
"../../../../../../Users/tucha/Documents/GitHub/NinjaProjectUnreal/Content/_Marvelmaster_infinite_reactive_water_/IpactAtLocation_BP.uasset" 171
"../../../../../../Users/tucha/Documents/GitHub/NinjaProjectUnreal/Content/_Marvelmaster_infinite_reactive_water_/WaterBody_BP0.uasset" 172
"../../../../../../Users/tucha/Documents/GitHub/NinjaProjectUnreal/Content/_Marvelmaster_infinite_reactive_water_/WaterMaster_BP.uasset" 173
"../../../../../../Users/tucha/Documents/GitHub/NinjaProjectUnreal/Content/_Marvelmaster_infinite_reactive_water_/Textures/cobble_n.uasset" 174
"../../../../../../Users/tucha/Documents/GitHub/NinjaProjectUnreal/Content/_Marvelmaster_infinite_reactive_water_/Textures/cobble_d.uasset" 175
"../../../../../../Users/tucha/Documents/GitHub/NinjaProjectUnreal/Content/_Marvelmaster_infinite_reactive_water_/Materials/BasicMaterials/cobble_mat.uasset" 176
"../../../../../../Users/tucha/Documents/GitHub/NinjaProjectUnreal/Content/_Marvelmaster_infinite_reactive_water_/Materials/cobble_d_Mat.uasset" 177
"../../../../../../Users/tucha/Documents/GitHub/NinjaProjectUnreal/Content/_Marvelmaster_infinite_reactive_water_/Textures/sand_01_Normal.uasset" 178
"../../../../../../Users/tucha/Documents/GitHub/NinjaProjectUnreal/Content/_Marvelmaster_infinite_reactive_water_/Textures/sand_01_Base_Color.uasset" 179
"../../../../../../Users/tucha/Documents/GitHub/NinjaProjectUnreal/Content/_Marvelmaster_infinite_reactive_water_/Materials/BasicMaterials/sand_mat.uasset" 180
"../../../../../../Users/tucha/Documents/GitHub/NinjaProjectUnreal/Content/_Marvelmaster_infinite_reactive_water_/Materials/BasicMaterials/sand_mat_Inst.uasset" 181
"../../../../../../Users/tucha/Documents/GitHub/NinjaProjectUnreal/Content/_Marvelmaster_infinite_reactive_water_/Materials/BasicMaterials/sand_01_Mat_Inst.uasset" 182
"../../../../../../Users/tucha/Documents/GitHub/NinjaProjectUnreal/Content/_Marvelmaster_infinite_reactive_water_/Materials/sand_01_Mat_Inst.uasset" 183
"../../../../../../Users/tucha/Documents/GitHub/NinjaProjectUnreal/Content/_Marvelmaster_infinite_reactive_water_/Materials/BasicMaterials/BasicShapeMaterial_TwoSided.uasset" 184
"../../../../../../Users/tucha/Documents/GitHub/NinjaProjectUnreal/Content/_Marvelmaster_infinite_reactive_water_/Materials/BasicMaterials/cobble_d_Mat.uasset" 185
"../../../../../../Users/tucha/Documents/GitHub/NinjaProjectUnreal/Content/_Marvelmaster_infinite_reactive_water_/Materials/BasicMaterials/grey_mat.uasset" 186
"../../../../../../Users/tucha/Documents/GitHub/NinjaProjectUnreal/Content/_Marvelmaster_infinite_reactive_water_/Materials/BasicMaterials/CubeMaterial.uasset" 187
"../../../../../../Users/tucha/Documents/GitHub/NinjaProjectUnreal/Content/_Marvelmaster_infinite_reactive_water_/Materials/DebugMaterials/debug_mat_red.uasset" 188
"../../../../../../Users/tucha/Documents/GitHub/NinjaProjectUnreal/Content/_Marvelmaster_infinite_reactive_water_/Materials/BasicMaterials/debug_mat_outer.uasset" 189
"../../../../../../Users/tucha/Documents/GitHub/NinjaProjectUnreal/Content/Assets/Sounds/Wingame.uasset" 190
"../../../../../../Users/tucha/Documents/GitHub/NinjaProjectUnreal/Content/Assets/Sounds/Wingame_Cue.uasset" 191
"../../../../../../Users/tucha/Documents/GitHub/NinjaProjectUnreal/Content/_Marvelmaster_infinite_reactive_water_/Materials/ParticleMaterials/Splash_mat.uasset" 192
"../../../../../../Users/tucha/Documents/GitHub/NinjaProjectUnreal/Content/_Marvelmaster_infinite_reactive_water_/Meshes/Splash2.uasset" 193
"../../../../../../Users/tucha/Documents/GitHub/NinjaProjectUnreal/Content/_Marvelmaster_infinite_reactive_water_/Particles/Bubbles_PS.uasset" 194
"../../../../../../Users/tucha/Documents/GitHub/NinjaProjectUnreal/Content/_Marvelmaster_infinite_reactive_water_/Textures/sand_01_Height.uasset" 195
"../../../../../../Users/tucha/Documents/GitHub/NinjaProjectUnreal/Content/_Marvelmaster_infinite_reactive_water_/Textures/sand_01_Roughness.uasset" 196
"../../../../../../Users/tucha/Documents/GitHub/NinjaProjectUnreal/Content/_Marvelmaster_infinite_reactive_water_/Textures/sand_01_wet_Roughness.uasset" 197
"../../../Engine/Content/EngineMaterials/DefaultMaterial.uasset" 198
"../../../Engine/Content/BasicShapes/Sphere.uasset" 199
"../../../../../../Users/tucha/Documents/GitHub/NinjaProjectUnreal/Content/_Marvelmaster_infinite_reactive_water_/Blueprints/Ball_BP.uasset" 200
"../../../../../../Users/tucha/Documents/GitHub/NinjaProjectUnreal/Content/_Marvelmaster_infinite_reactive_water_/ThirdPersonBP/Blueprints/Ball.uasset" 201
"../../../../../../Users/tucha/Documents/GitHub/NinjaProjectUnreal/Content/_Marvelmaster_infinite_reactive_water_/ThirdPersonBP/Mannequin/Character/Mesh/Water_UE4_Mannequin_Skeleton.uasset" 202
"../../../../../../Users/tucha/Documents/GitHub/NinjaProjectUnreal/Content/_Marvelmaster_infinite_reactive_water_/ThirdPersonBP/Mannequin/Character/MOB1_Stand_Relaxed_Death_B_IPC.uasset" 203
"../../../../../../Users/tucha/Documents/GitHub/NinjaProjectUnreal/Content/_Marvelmaster_infinite_reactive_water_/ThirdPersonBP/Mannequin/Character/MOB1_Stand_Relaxed_Death_B_IPC_Montage.uasset" 204
"../../../../../../Users/tucha/Documents/GitHub/NinjaProjectUnreal/Content/_Marvelmaster_infinite_reactive_water_/ThirdPersonBP/Mannequin/Character/MOB1_Walk_F_IPC.uasset" 205
"../../../../../../Users/tucha/Documents/GitHub/NinjaProjectUnreal/Content/_Marvelmaster_infinite_reactive_water_/ThirdPersonBP/Mannequin/Character/MOB1_Jog_F_IPC.uasset" 206
"../../../../../../Users/tucha/Documents/GitHub/NinjaProjectUnreal/Content/_Marvelmaster_infinite_reactive_water_/ThirdPersonBP/Mannequin/Animations/ThirdPersonRun.uasset" 207
"../../../../../../Users/tucha/Documents/GitHub/NinjaProjectUnreal/Content/_Marvelmaster_infinite_reactive_water_/ThirdPersonBP/Mannequin/Animations/ThirdPersonIdle.uasset" 208
"../../../../../../Users/tucha/Documents/GitHub/NinjaProjectUnreal/Content/_Marvelmaster_infinite_reactive_water_/ThirdPersonBP/Mannequin/Character/MOB1_Run_F_IPC.uasset" 209
"../../../../../../Users/tucha/Documents/GitHub/NinjaProjectUnreal/Content/_Marvelmaster_infinite_reactive_water_/ThirdPersonBP/Mannequin/Animations/Water_TP_IdleRun_2D.uasset" 210
"../../../../../../Users/tucha/Documents/GitHub/NinjaProjectUnreal/Content/_Marvelmaster_infinite_reactive_water_/ThirdPersonBP/Mannequin/Animations/ThirdPerson_Jump.uasset" 211
"../../../../../../Users/tucha/Documents/GitHub/NinjaProjectUnreal/Content/_Marvelmaster_infinite_reactive_water_/ThirdPersonBP/Mannequin/Animations/ThirdPersonJump_Start.uasset" 212
"../../../../../../Users/tucha/Documents/GitHub/NinjaProjectUnreal/Content/_Marvelmaster_infinite_reactive_water_/ThirdPersonBP/Mannequin/Animations/ThirdPersonJump_Loop.uasset" 213
"../../../../../../Users/tucha/Documents/GitHub/NinjaProjectUnreal/Content/_Marvelmaster_infinite_reactive_water_/ThirdPersonBP/Mannequin/Animations/Water_TP_AnimBP.uasset" 214
"../../../../../../Users/tucha/Documents/GitHub/NinjaProjectUnreal/Content/_Marvelmaster_infinite_reactive_water_/Meshes/Splash.uasset" 215
"../../../../../../Users/tucha/Documents/GitHub/NinjaProjectUnreal/Content/_Marvelmaster_infinite_reactive_water_/Particles/Splash_PS.uasset" 216
"../../../../../../Users/tucha/Documents/GitHub/NinjaProjectUnreal/Content/_Marvelmaster_infinite_reactive_water_/Meshes/Sphere.uasset" 217
"../../../../../../Users/tucha/Documents/GitHub/NinjaProjectUnreal/Content/_Marvelmaster_infinite_reactive_water_/Particles/WaterJet_PS.uasset" 218
"../../../../../../Users/tucha/Documents/GitHub/NinjaProjectUnreal/Content/_Marvelmaster_infinite_reactive_water_/Blueprints/GooParticles_BP.uasset" 219
"../../../../../../Users/tucha/Documents/GitHub/NinjaProjectUnreal/Content/_Marvelmaster_infinite_reactive_water_/ThirdPersonBP/Mannequin/Character/Mesh/Water_SK_Mannequin_PhysicsAsset.uasset" 220
"../../../../../../Users/tucha/Documents/GitHub/NinjaProjectUnreal/Content/_Marvelmaster_infinite_reactive_water_/ThirdPersonBP/Mannequin/Character/Textures/UE4Man_Logo_N.uasset" 221
"../../../../../../Users/tucha/Documents/GitHub/NinjaProjectUnreal/Content/_Marvelmaster_infinite_reactive_water_/ThirdPersonBP/Mannequin/Character/Textures/UE4_Mannequin_MAT_MASKA.uasset" 222
"../../../../../../Users/tucha/Documents/GitHub/NinjaProjectUnreal/Content/_Marvelmaster_infinite_reactive_water_/ThirdPersonBP/Mannequin/Character/Textures/UE4_Mannequin__normals.uasset" 223
"../../../../../../Users/tucha/Documents/GitHub/NinjaProjectUnreal/Content/_Marvelmaster_infinite_reactive_water_/ThirdPersonBP/Mannequin/Character/Materials/MaterialLayers/T_ML_Aluminum01_N.uasset" 224
"../../../../../../Users/tucha/Documents/GitHub/NinjaProjectUnreal/Content/_Marvelmaster_infinite_reactive_water_/ThirdPersonBP/Mannequin/Character/Materials/MaterialLayers/T_ML_Aluminum01.uasset" 225
"../../../../../../Users/tucha/Documents/GitHub/NinjaProjectUnreal/Content/_Marvelmaster_infinite_reactive_water_/ThirdPersonBP/Mannequin/Character/Materials/MaterialLayers/ML_SoftMetal_UE4.uasset" 226
"../../../../../../Users/tucha/Documents/GitHub/NinjaProjectUnreal/Content/_Marvelmaster_infinite_reactive_water_/ThirdPersonBP/Mannequin/Character/Textures/UE4_LOGO_CARD.uasset" 227
"../../../../../../Users/tucha/Documents/GitHub/NinjaProjectUnreal/Content/_Marvelmaster_infinite_reactive_water_/ThirdPersonBP/Mannequin/Character/Materials/MaterialLayers/ML_Plastic_Shiny_Beige_LOGO.uasset" 228
"../../../../../../Users/tucha/Documents/GitHub/NinjaProjectUnreal/Content/_Marvelmaster_infinite_reactive_water_/ThirdPersonBP/Mannequin/Character/Materials/MaterialLayers/ML_Plastic_Shiny_Beige.uasset" 229
"../../../../../../Users/tucha/Documents/GitHub/NinjaProjectUnreal/Content/_Marvelmaster_infinite_reactive_water_/ThirdPersonBP/Mannequin/Character/Materials/MaterialLayers/T_ML_Rubber_Blue_01_N.uasset" 230
"../../../../../../Users/tucha/Documents/GitHub/NinjaProjectUnreal/Content/_Marvelmaster_infinite_reactive_water_/ThirdPersonBP/Mannequin/Character/Materials/MaterialLayers/T_ML_Rubber_Blue_01_D.uasset" 231
"../../../../../../Users/tucha/Documents/GitHub/NinjaProjectUnreal/Content/_Marvelmaster_infinite_reactive_water_/ThirdPersonBP/Mannequin/Character/Materials/MaterialLayers/ML_GlossyBlack_Latex_UE4.uasset" 232
"../../../../../../Users/tucha/Documents/GitHub/NinjaProjectUnreal/Content/_Marvelmaster_infinite_reactive_water_/ThirdPersonBP/Mannequin/Character/Materials/M_UE4Man_Body.uasset" 233
"../../../../../../Users/tucha/Documents/GitHub/NinjaProjectUnreal/Content/_Marvelmaster_infinite_reactive_water_/ThirdPersonBP/Mannequin/Character/Materials/M_UE4Man_ChestLogo.uasset" 234
"../../../../../../Users/tucha/Documents/GitHub/NinjaProjectUnreal/Content/_Marvelmaster_infinite_reactive_water_/ThirdPersonBP/Mannequin/Character/Mesh/Water_SK_Mannequin.uasset" 235
"../../../../../../Users/tucha/Documents/GitHub/NinjaProjectUnreal/Content/_Marvelmaster_infinite_reactive_water_/ThirdPersonBP/Blueprints/WaterTPCharacter.uasset" 236
"../../../../../../Users/tucha/Documents/GitHub/NinjaProjectUnreal/Content/_Marvelmaster_infinite_reactive_water_/ThirdPersonBP/Blueprints/WaterTPGameMode.uasset" 237
"../../../../../../Users/tucha/Documents/GitHub/NinjaProjectUnreal/Content/_Marvelmaster_infinite_reactive_water_/ThirdPersonBP/Blueprints/ThirdPersonGameMode.uasset" 238
"../../../../../../Users/tucha/Documents/GitHub/NinjaProjectUnreal/Content/_Marvelmaster_infinite_reactive_water_/ThirdPersonBP/Mannequin/Animations/ThirdPersonWalk.uasset" 239
"../../../../../../Users/tucha/Documents/GitHub/NinjaProjectUnreal/Content/_Marvelmaster_infinite_reactive_water_/ThirdPersonBP/Mannequin/Animations/ThirdPersonWalk1.uasset" 240
"../../../Engine/Content/ArtTools/RenderToTexture/Meshes/S_1_Unit_Plane.uasset" 241
"../../../Engine/Content/BasicShapes/Cone.uasset" 242
"../../../Engine/Content/BasicShapes/Plane.uasset" 243
"../../../Engine/Content/EditorLandscapeResources/DataLayer.uasset" 244
"../../../Engine/Content/EditorLandscapeResources/DefaultAlphaTexture.uasset" 245
"../../../Engine/Content/EditorMaterials/MAT_Groups_Toggle.uasset" 246
"../../../Engine/Content/EditorMaterials/MAT_Groups_Visibility.uasset" 247
"../../../Engine/Content/EditorMaterials/PreviewShadowIndicator.uasset" 248
"../../../Engine/Content/EditorMaterials/PreviewShadowIndicatorMaterial.uasset" 249
"../../../Engine/Content/EditorMaterials/MatineeGroups/MAT_ColorTrack.uasset" 250
"../../../Engine/Content/EditorMaterials/MatineeGroups/MAT_Groups_Anim.uasset" 251
"../../../Engine/Content/EditorMaterials/MatineeGroups/MAT_Groups_AudioMaster.uasset" 252
"../../../Engine/Content/EditorMaterials/MatineeGroups/MAT_Groups_Director.uasset" 253
"../../../Engine/Content/EditorMaterials/MatineeGroups/MAT_Groups_Event.uasset" 254
"../../../Engine/Content/EditorMaterials/MatineeGroups/MAT_Groups_Fade.uasset" 255
"../../../Engine/Content/EditorMaterials/MatineeGroups/MAT_Groups_Float.uasset" 256
"../../../Engine/Content/EditorMaterials/MatineeGroups/MAT_Groups_Move.uasset" 257
"../../../Engine/Content/EditorMaterials/MatineeGroups/MAT_Groups_Slomo.uasset" 258
"../../../Engine/Content/EditorMaterials/MatineeGroups/MAT_Groups_Sound.uasset" 259
"../../../Engine/Content/EditorMaterials/MatineeGroups/MAT_Groups_Vector.uasset" 260
"../../../Engine/Content/EditorMaterials/ParticleSystems/PSysThumbnail_NoImage.uasset" 261
"../../../Engine/Content/EditorMaterials/ParticleSystems/PSysThumbnail_OOD.uasset" 262
"../../../Engine/Content/EditorMaterials/Camera/CineMat.uasset" 263
"../../../Engine/Content/EditorMaterials/Camera/MI_CineMat_Rig.uasset" 264
"../../../Engine/Content/EditorMeshes/Camera/SM_CraneRig_Arm.uasset" 265
"../../../Engine/Content/EditorMeshes/Camera/SM_CraneRig_Base.uasset" 266
"../../../Engine/Content/EditorMeshes/Camera/SM_CraneRig_Body.uasset" 267
"../../../Engine/Content/EditorMeshes/Camera/SM_CraneRig_Mount.uasset" 268
"../../../Engine/Content/EditorMeshes/Camera/SM_RailRig_Mount.uasset" 269
"../../../Engine/Content/EditorMeshes/Camera/SM_RailRig_Track.uasset" 270
"../../../Engine/Content/EditorResources/BSPVertex.uasset" 271
"../../../Engine/Content/EditorResources/EmptyActor.uasset" 272
"../../../Engine/Content/EditorResources/S_Actor.uasset" 273
"../../../Engine/Content/EditorResources/S_KHinge.uasset" 274
"../../../Engine/Content/EditorResources/S_Note.uasset" 275
"../../../Engine/Content/EditorResources/S_Solver.uasset" 276
"../../../Engine/Content/EditorResources/S_Terrain.uasset" 277
"../../../Engine/Content/EditorResources/S_Trigger.uasset" 278
"../../../Engine/Content/EditorResources/AudioIcons/S_AudioComponent_AutoActivate.uasset" 279
"../../../Engine/Content/EditorResources/LightIcons/S_LightError.uasset" 280
"../../../Engine/Content/EditorResources/SequenceRecorder/Countdown.uasset" 281
"../../../Engine/Content/EditorResources/SequenceRecorder/RecordingIndicator.uasset" 282
"../../../Engine/Content/EngineDamageTypes/DmgTypeBP_Environmental.uasset" 283
"../../../Engine/Content/EngineDebugMaterials/DebugEditorMaterial.uasset" 284
"../../../Engine/Content/EngineDebugMaterials/DebugMeshMaterial.uasset" 285
"../../../Engine/Content/EngineDebugMaterials/M_SimpleUnlitTranslucent.uasset" 286
"../../../Engine/Content/EngineDebugMaterials/VolumeToRender.uasset" 287
"../../../Engine/Content/Functions/Engine_MaterialFunctions02/Utility/CameraDirectionVector.uasset" 288
"../../../Engine/Content/EngineDebugMaterials/M_VolumeRenderSphereTracePP.uasset" 289
"../../../Engine/Content/Functions/Engine_MaterialFunctions01/Shading/ConvertFromDiffSpec.uasset" 290
"../../../Engine/Content/EngineDebugMaterials/VertexColorMaterial.uasset" 291
"../../../Engine/Content/EngineDebugMaterials/WireframeMaterial.uasset" 292
"../../../Engine/Content/EngineFonts/Faces/RobotoRegular.uasset" 293
"../../../Engine/Content/EngineFonts/Faces/RobotoLight.uasset" 294
"../../../Engine/Content/EngineFonts/Faces/RobotoItalic.uasset" 295
"../../../Engine/Content/EngineFonts/Faces/RobotoBoldItalic.uasset" 296
"../../../Engine/Content/EngineFonts/Faces/RobotoBold.uasset" 297
"../../../Engine/Content/EngineFonts/Faces/DroidSansFallback.uasset" 298
"../../../Engine/Content/EngineFonts/Roboto.uasset" 299
"../../../Engine/Content/EngineMaterials/BaseFlattenNormalMap.uasset" 300
"../../../Engine/Content/EngineMaterials/BaseFlattenGrayscaleMap.uasset" 301
"../../../Engine/Content/EngineMaterials/BaseFlattenEmissiveMap.uasset" 302
"../../../Engine/Content/EngineMaterials/BaseFlattenDiffuseMap.uasset" 303
"../../../Engine/Content/EngineMaterials/BaseFlattenMaterial.uasset" 304
"../../../Engine/Content/EngineMaterials/BlueNoise.uasset" 305
"../../../Engine/Content/EngineMaterials/DefaultBloomKernel.uasset" 306
"../../../Engine/Content/EngineMaterials/DefaultBokeh.uasset" 307
"../../../Engine/Content/EngineMaterials/DefaultDeferredDecalMaterial.uasset" 308
"../../../Engine/Content/EngineMaterials/DefaultLightFunctionMaterial.uasset" 309
"../../../Engine/Content/Functions/Engine_MaterialFunctions02/Utility/BreakOutFloat2Components.uasset" 310
"../../../Engine/Content/EngineMaterials/DefaultPostProcessMaterial.uasset" 311
"../../../Engine/Content/EngineFonts/RobotoDistanceField.uasset" 312
"../../../Engine/Content/EngineMaterials/DefaultTextMaterialOpaque.uasset" 313
"../../../Engine/Content/EngineMaterials/DefaultWhiteGrid.uasset" 314
"../../../Engine/Content/EngineMaterials/DefaultWhiteGrid_Low.uasset" 315
"../../../Engine/Content/EngineMaterials/EmissiveMeshMaterial.uasset" 316
"../../../Engine/Content/EngineMaterials/GizmoMaterial.uasset" 317
"../../../Engine/Content/EngineMaterials/MiniFont.uasset" 318
"../../../Engine/Content/EngineMaterials/InvalidLightmapSettings.uasset" 319
"../../../Engine/Content/EngineMaterials/M_InvalidLightmapSettings.uasset" 320
"../../../Engine/Content/Functions/Engine_MaterialFunctions02/WorldPositionOffset/CameraOffset.uasset" 321
"../../../Engine/Content/EngineMaterials/PhAT_JointLimitMaterial.uasset" 322
"../../../Engine/Content/EngineMaterials/PreintegratedSkinBRDF.uasset" 323
"../../../Engine/Content/EngineMaterials/RemoveSurfaceMaterial.uasset" 324
"../../../Engine/Content/EngineMaterials/WeightMapPlaceholderTexture.uasset" 325
"../../../Engine/Content/EngineResources/WhiteSquareTexture.uasset" 326
"../../../Engine/Content/EngineMaterials/Widget3DPassThrough.uasset" 327
"../../../Engine/Content/EngineMaterials/Widget3DPassThrough_Masked.uasset" 328
"../../../Engine/Content/EngineMaterials/Widget3DPassThrough_Opaque.uasset" 329
"../../../Engine/Content/EngineMaterials/Widget3DPassThrough_Masked_OneSided.uasset" 330
"../../../Engine/Content/EngineMaterials/Widget3DPassThrough_Opaque_OneSided.uasset" 331
"../../../Engine/Content/EngineMaterials/Widget3DPassThrough_Translucent.uasset" 332
"../../../Engine/Content/EngineMaterials/Widget3DPassThrough_Translucent_OneSided.uasset" 333
"../../../Engine/Content/EngineMeshes/Cylinder.uasset" 334
"../../../Engine/Content/EngineResources/Black.uasset" 335
"../../../Engine/Content/EngineResources/DefaultTextureCube.uasset" 336
"../../../Engine/Content/EngineResources/DefaultVolumeTexture2D.uasset" 337
"../../../Engine/Content/EngineResources/DefaultVolumeTexture.uasset" 338
"../../../Engine/Content/EngineResources/GradientTexture0.uasset" 339
"../../../Engine/Content/EngineSky/VolumetricClouds/T_NoiseShape64.uasset" 340
"../../../Engine/Content/EngineSky/VolumetricClouds/T_VolumeNoiseShape64.uasset" 341
"../../../Engine/Content/EngineSky/VolumetricClouds/T_NoiseErosion.uasset" 342
"../../../Engine/Content/EngineSky/VolumetricClouds/T_VolumeNoiseErosion32.uasset" 343
"../../../Engine/Content/EngineSky/VolumetricClouds/CloudWeatherTexture.uasset" 344
"../../../Engine/Content/EngineSky/VolumetricClouds/CloudGradientTexture.uasset" 345
"../../../Engine/Content/Functions/Engine_MaterialFunctions02/Utility/MakeFloat2.uasset" 346
"../../../Engine/Content/EngineSky/VolumetricClouds/m_SimpleVolumetricCloud.uasset" 347
"../../../Engine/Content/EngineSky/VolumetricClouds/m_SimpleVolumetricCloud_Inst.uasset" 348
"../../../Engine/Content/EngineSounds/Master.uasset" 349
"../../../Engine/Content/Functions/Engine_MaterialFunctions01/Shading/PowerToRoughness.uasset" 350
"../../../Engine/Content/Maps/Templates/Thumbnails/Default.uasset" 351
"../../../Engine/Content/Maps/Templates/Thumbnails/TimeOfDay.uasset" 352
"../../../Engine/Content/Maps/Templates/Thumbnails/VR-Basic.uasset" 353
"../../../Engine/Content/MobileResources/T_MobileControls_texture.uasset" 354
"../../../Engine/Content/MobileResources/T_MobileMenu2.uasset" 355
"../../../Engine/Content/MobileResources/HUD/AnalogHat.uasset" 356
"../../../Engine/Content/MobileResources/HUD/VirtualJoystick_Thumb.uasset" 357
"../../../Engine/Content/MobileResources/HUD/VirtualJoystick_Background.uasset" 358
"../../../Engine/Content/MobileResources/HUD/DefaultVirtualJoysticks.uasset" 359
"../../../Engine/Content/MobileResources/HUD/LeftVirtualJoystickOnly.uasset" 360
"../../../Engine/Content/MobileResources/HUD/MobileHUDButton1_off.uasset" 361
"../../../Engine/Content/MobileResources/HUD/MobileHUDButton1_on.uasset" 362
"../../../Engine/Content/MobileResources/HUD/MobileHUDButton2_off.uasset" 363
"../../../Engine/Content/MobileResources/HUD/MobileHUDButton2_on.uasset" 364
"../../../Engine/Content/MobileResources/HUD/MobileHUDButton3.uasset" 365
"../../../Engine/Content/MobileResources/HUD/MobileHUDButtonFire.uasset" 366
"../../../Engine/Content/MobileResources/HUD/MobileHUDDirectionPad.uasset" 367
"../../../Engine/Content/MobileResources/HUD/MobileHUDDirectionPad2.uasset" 368
"../../../Engine/Content/MobileResources/HUD/MobileHUDDirectionPad3.uasset" 369
"../../../Engine/Content/MobileResources/HUD/MobileHUDDirectionStick.uasset" 370
"../../../Engine/Content/MobileResources/HUD/T_Castle_ThumbstickInner.uasset" 371
"../../../Engine/Content/MobileResources/HUD/T_Castle_ThumbstickOutter.uasset" 372
"../../../Engine/Content/Tutorial/ContentIntroCurve.uasset" 373
"../../../Engine/Content/Tutorial/Basics/LevelEditorAttract.uasset" 374
"../../../Engine/Content/VREditor/TransformGizmo/TranslucentTransformGizmoMaterial.uasset" 375
"../../../Engine/Content/VREditor/LaserPointer/VR_LaserPower_01.uasset" 376
"../../../Engine/Content/VREditor/TransformGizmo/TransformGizmoMaterial.uasset" 377
"../../../Engine/Content/VREditor/TransformGizmo/BoundingBoxCorner.uasset" 378
"../../../Engine/Content/VREditor/TransformGizmo/BoundingBoxEdge.uasset" 379
"../../../Engine/Content/VREditor/TransformGizmo/PlaneTranslationHandle.uasset" 380
"../../../Engine/Content/VREditor/TransformGizmo/Xray.uasset" 381
"../../../Engine/Content/VREditor/TransformGizmo/Main.uasset" 382
"../../../Engine/Content/VREditor/TransformGizmo/SM_Sequencer_Key.uasset" 383
"../../../Engine/Content/VREditor/TransformGizmo/SM_Sequencer_Node.uasset" 384
"../../Plugins/2D/Paper2D/Content/PlaceholderTextures/DummySpriteTexture.uasset" 385
"../../Plugins/2D/Paper2D/Content/DummySprite.uasset" 386
"../../Plugins/2D/Paper2D/Content/DefaultPaperTerrainMaterial.uasset" 387
"../../Plugins/2D/Paper2D/Content/DefaultSpriteMaterial.uasset" 388
"../../Plugins/2D/Paper2D/Content/MaskedUnlitSpriteMaterial.uasset" 389
"../../Plugins/2D/Paper2D/Content/OpaqueUnlitSpriteMaterial.uasset" 390
"../../../Engine/Content/Functions/Engine_MaterialFunctions02/Utility/BreakOutFloat3Components.uasset" 391
"../../../Engine/Content/Functions/Engine_MaterialFunctions02/ObjectLocalBounds.uasset" 392
"../../Plugins/Editor/SpeedTreeImporter/Content/SpeedTree9/UnpackInteger3.uasset" 393
"../../Plugins/Editor/SpeedTreeImporter/Content/SpeedTree9/UnpackDirection.uasset" 394
"../../Plugins/Editor/SpeedTreeImporter/Content/SpeedTree9/game_wind_noise.uasset" 395
"../../../Engine/Content/Functions/Engine_MaterialFunctions02/SafeNormalize.uasset" 396
"../../Plugins/Editor/SpeedTreeImporter/Content/SpeedTree9/SpeedTreeWindMotion.uasset" 397
"../../Plugins/Editor/SpeedTreeImporter/Content/SpeedTree9/SpeedTreeBranchMotion.uasset" 398
"../../../Engine/Content/Functions/Engine_MaterialFunctions02/UVs/BoundingBoxBased_0-1_UVW.uasset" 399
"../../Plugins/Editor/SpeedTreeImporter/Content/SpeedTree9/SpeedTreeWind.uasset" 400
"../../Plugins/Editor/SpeedTreeImporter/Content/SpeedTree9/SpeedTreeBillboard.uasset" 401
"../../Plugins/Editor/SpeedTreeImporter/Content/SpeedTree9/SpeedTreeBillboardMaster.uasset" 402
"../../Plugins/Editor/SpeedTreeImporter/Content/SpeedTree9/SpeedTreeCameraFacing.uasset" 403
"../../Plugins/Editor/SpeedTreeImporter/Content/SpeedTree9/SpeedTreeMaster.uasset" 404
"../../../Engine/Content/BasicShapes/Cylinder.uasset" 405
"../../../Engine/Content/ArtTools/RenderToTexture/Materials/Debug/M_Emissive_Color.uasset" 406
"../../Plugins/Lumin/MagicLeapPassableWorld/Content/MagicLeapARPinInfoActor.uasset" 407
"../../../Engine/Content/Functions/Engine_MaterialFunctions02/Utility/BreakOutFloat4Components.uasset" 408
"../../../Engine/Content/Functions/Engine_MaterialFunctions02/Utility/MakeFloat3.uasset" 409
"../../Plugins/Runtime/Oculus/OculusVR/Content/Materials/OculusMR_ChromaKey.uasset" 410
"../../Plugins/Runtime/Oculus/OculusVR/Content/Materials/OculusMR_OpaqueColoredMaterial.uasset" 411
"../../Plugins/Runtime/Oculus/OculusVR/Content/Materials/PokeAHoleMaterial.uasset" 412
"../../../../../../Users/tucha/Documents/GitHub/NinjaProjectUnreal/Content/Assets/Materials/Controls.uasset" 413
"../../../../../../Users/tucha/Documents/GitHub/NinjaProjectUnreal/Content/Blueprints/MainMenu.uasset" 414
"../../../../../../Users/tucha/Documents/GitHub/NinjaProjectUnreal/Content/Assets/Sounds/airtone_-_reCreation.uasset" 415
"../../../../../../Users/tucha/Documents/GitHub/NinjaProjectUnreal/Content/Assets/Sounds/airtone_-_reCreation_Cue.uasset" 416
"../../../Engine/Content/EngineSky/T_Sky_Stars.uasset" 417
"../../../Engine/Content/EngineSky/T_Sky_Clouds_M.uasset" 418
"../../../Engine/Content/EngineSky/T_Sky_Blue.uasset" 419
"../../../Engine/Content/EngineSky/M_Sky_Panning_Clouds2.uasset" 420
"../../../../../../Users/tucha/Documents/GitHub/NinjaProjectUnreal/Content/Maps/MainMenu_BuiltData.uasset" 421
"../../../Engine/Content/EngineSky/SM_SkySphere.uasset" 422
"../../../Engine/Content/EngineSky/C_Sky_Zenith_Color.uasset" 423
"../../../Engine/Content/EngineSky/C_Sky_Horizon_Color.uasset" 424
"../../../Engine/Content/EngineSky/C_Sky_Cloud_Color.uasset" 425
"../../../Engine/Content/EngineSky/BP_Sky_Sphere.uasset" 426
"../../../../../../Users/tucha/Documents/GitHub/NinjaProjectUnreal/Content/Maps/MainMenu.umap" 427
"../../../../../../Users/tucha/Documents/GitHub/NinjaProjectUnreal/Content/Assets/Sounds/Karstenholymoly_-_Stardust_Ziggy_is_coming_1.uasset" 428
"../../../../../../Users/tucha/Documents/GitHub/NinjaProjectUnreal/Content/Assets/Sounds/Karstenholymoly_-_Stardust_Ziggy_is_coming_1_Cue.uasset" 429
"../../../../../../Users/tucha/Documents/GitHub/NinjaProjectUnreal/Content/_Marvelmaster_infinite_reactive_water_/Materials/Muddy.uasset" 430
"../../../../../../Users/tucha/Documents/GitHub/NinjaProjectUnreal/Content/Level/Red.uasset" 431
"../../../../../../Users/tucha/Documents/GitHub/NinjaProjectUnreal/Content/Level/BallSpawner/Blue.uasset" 432
"../../../../../../Users/tucha/Documents/GitHub/NinjaProjectUnreal/Content/Maps/Parkour_Level_BuiltData.uasset" 433
"../../../../../../Users/tucha/Documents/GitHub/NinjaProjectUnreal/Content/Level/Wall/WallBP.uasset" 434
"../../../../../../Users/tucha/Documents/GitHub/NinjaProjectUnreal/Content/Level/Teleporter/TeleporterMaterial.uasset" 435
"../../../Engine/Content/BasicShapes/Cube.uasset" 436
"../../../../../../Users/tucha/Documents/GitHub/NinjaProjectUnreal/Content/Level/Teleporter/TeleporterBP.uasset" 437
"../../../../../../Users/tucha/Documents/GitHub/NinjaProjectUnreal/Content/Level/Teleporter/TeleporterMessage.uasset" 438
"../../../../../../Users/tucha/Documents/GitHub/NinjaProjectUnreal/Content/Level/Teleporter/Teleport_Image.uasset" 439
"../../../../../../Users/tucha/Documents/GitHub/NinjaProjectUnreal/Content/Level/Teleporter/Tele_IMG_BP.uasset" 440
"../../../../../../Users/tucha/Documents/GitHub/NinjaProjectUnreal/Content/Level/SpinningPlatforms/Clockwise.uasset" 441
"../../../../../../Users/tucha/Documents/GitHub/NinjaProjectUnreal/Content/Level/SpinningPlatforms/CW.uasset" 442
"../../../../../../Users/tucha/Documents/GitHub/NinjaProjectUnreal/Content/Level/SpinningPlatforms/SpinningPlatformCW.uasset" 443
"../../../../../../Users/tucha/Documents/GitHub/NinjaProjectUnreal/Content/Level/SpinningPlatforms/SpinningPlatformCW_BP.uasset" 444
"../../../../../../Users/tucha/Documents/GitHub/NinjaProjectUnreal/Content/Level/SpinningPlatforms/SpinningPlatformAC.uasset" 445
"../../../../../../Users/tucha/Documents/GitHub/NinjaProjectUnreal/Content/Level/SpinningPlatforms/CylinderSpinningTex.uasset" 446
"../../../../../../Users/tucha/Documents/GitHub/NinjaProjectUnreal/Content/Level/SpinningPlatforms/AC.uasset" 447
"../../../../../../Users/tucha/Documents/GitHub/NinjaProjectUnreal/Content/Level/SpinningPlatforms/SpinningPlatformAC_BP.uasset" 448
"../../../../../../Users/tucha/Documents/GitHub/NinjaProjectUnreal/Content/Level/Rollers/WallCylinderPart__2_.uasset" 449
"../../../../../../Users/tucha/Documents/GitHub/NinjaProjectUnreal/Content/Level/Rollers/lambert3.uasset" 450
"../../../../../../Users/tucha/Documents/GitHub/NinjaProjectUnreal/Content/Level/Rollers/Roller.uasset" 451
"../../../../../../Users/tucha/Documents/GitHub/NinjaProjectUnreal/Content/Level/Rollers/RollerBP.uasset" 452
"../../../../../../Users/tucha/Documents/GitHub/NinjaProjectUnreal/Content/Assets/Sounds/Knockback.uasset" 453
"../../../../../../Users/tucha/Documents/GitHub/NinjaProjectUnreal/Content/Assets/Sounds/Knockback_Cue.uasset" 454
"../../../../../../Users/tucha/Documents/GitHub/NinjaProjectUnreal/Content/Level/Rollers/BlueBouncyRoller.uasset" 455
"../../../../../../Users/tucha/Documents/GitHub/NinjaProjectUnreal/Content/Level/Rollers/BouncyRollerBP.uasset" 456
"../../../../../../Users/tucha/Documents/GitHub/NinjaProjectUnreal/Content/Level/Ramp/Ramp.uasset" 457
"../../../../../../Users/tucha/Documents/GitHub/NinjaProjectUnreal/Content/Level/Ramp/RampBP.uasset" 458
"../../../../../../Users/tucha/Documents/GitHub/NinjaProjectUnreal/Content/Level/Floor/UnrealBPMade/FloorBP.uasset" 459
"../../../../../../Users/tucha/Documents/GitHub/NinjaProjectUnreal/Content/Level/Floor/UnrealBPMade/Bump.uasset" 460
"../../../../../../Users/tucha/Documents/GitHub/NinjaProjectUnreal/Content/Level/Floor/UnrealBPMade/UpscaleWallPaint.uasset" 461
"../../../../../../Users/tucha/Documents/GitHub/NinjaProjectUnreal/Content/Level/Floor/MovingPlatformBP.uasset" 462
"../../../../../../Users/tucha/Documents/GitHub/NinjaProjectUnreal/Content/Level/Floor/CheckeredFloor.uasset" 463
"../../../../../../Users/tucha/Documents/GitHub/NinjaProjectUnreal/Content/Level/Floor/CheckeredFlags.uasset" 464
"../../../../../../Users/tucha/Documents/GitHub/NinjaProjectUnreal/Content/Level/Floor/FinishLineBP.uasset" 465
"../../../../../../Users/tucha/Documents/GitHub/NinjaProjectUnreal/Content/Level/Cylinder/CircleArenaBP.uasset" 466
"../../../../../../Users/tucha/Documents/GitHub/NinjaProjectUnreal/Content/Level/Conveyer/Reversed/ConveyerMaterial.uasset" 467
"../../../../../../Users/tucha/Documents/GitHub/NinjaProjectUnreal/Content/Level/Conveyer/Reversed/Conveyer_SM.uasset" 468
"../../../../../../Users/tucha/Documents/GitHub/NinjaProjectUnreal/Content/Level/Conveyer/Reversed/Conveyer_Rev_BP.uasset" 469
"../../../../../../Users/tucha/Documents/GitHub/NinjaProjectUnreal/Content/Level/BallSpawner/BallTunnel.uasset" 470
"../../../../../../Users/tucha/Documents/GitHub/NinjaProjectUnreal/Content/Assets/Sounds/411642__inspectorj__pop-high-a-h1.uasset" 471
"../../../../../../Users/tucha/Documents/GitHub/NinjaProjectUnreal/Content/Assets/Sounds/411642__inspectorj__pop-high-a-h1_Cue.uasset" 472
"../../../../../../Users/tucha/Documents/GitHub/NinjaProjectUnreal/Content/Level/BallSpawner/Sphere.uasset" 473
"../../../../../../Users/tucha/Documents/GitHub/NinjaProjectUnreal/Content/Level/BallSpawner/SphereBP.uasset" 474
"../../../../../../Users/tucha/Documents/GitHub/NinjaProjectUnreal/Content/Assets/Sounds/BallAttenuation.uasset" 475
"../../../../../../Users/tucha/Documents/GitHub/NinjaProjectUnreal/Content/Level/BallSpawner/BallSpawner.uasset" 476
"../../../../../../Users/tucha/Documents/GitHub/NinjaProjectUnreal/Content/Blueprints/Respawn_BP.uasset" 477
"../../../../../../Users/tucha/Documents/GitHub/NinjaProjectUnreal/Content/Blueprints/W_RaceProgress.uasset" 478
"../../../../../../Users/tucha/Documents/GitHub/NinjaProjectUnreal/Content/Blueprints/RaceSpline.uasset" 479
"../../../../../../Users/tucha/Documents/GitHub/NinjaProjectUnreal/Content/Blueprints/Platform/RunnableWall.uasset" 480
"../../../../../../Users/tucha/Documents/GitHub/NinjaProjectUnreal/Content/Blueprints/FinishGame.uasset" 481
"../../../../../../Users/tucha/Documents/GitHub/NinjaProjectUnreal/Content/Blueprints/BP_InputReceiver.uasset" 482
"../../../../../../Users/tucha/Documents/GitHub/NinjaProjectUnreal/Content/Blueprints/BPI_Gamemode.uasset" 483
"../../../../../../Users/tucha/Documents/GitHub/NinjaProjectUnreal/Content/Blueprints/BP_Gamemode.uasset" 484
"../../../../../../Users/tucha/Documents/GitHub/NinjaProjectUnreal/Content/Level/Seesaw/Cone.uasset" 485
"../../../../../../Users/tucha/Documents/GitHub/NinjaProjectUnreal/Content/Level/Seesaw/Seesaw.uasset" 486
"../../../../../../Users/tucha/Documents/GitHub/NinjaProjectUnreal/Content/Blueprints/AI/AIBB.uasset" 487
"../../../../../../Users/tucha/Documents/GitHub/NinjaProjectUnreal/Content/Blueprints/AI/AIService.uasset" 488
"../../../../../../Users/tucha/Documents/GitHub/NinjaProjectUnreal/Content/Blueprints/AI/AttackTask.uasset" 489
"../../../../../../Users/tucha/Documents/GitHub/NinjaProjectUnreal/Content/Blueprints/AI/GetWaypointTask.uasset" 490
"../../../../../../Users/tucha/Documents/GitHub/NinjaProjectUnreal/Content/Blueprints/AI/NextWaypointTask.uasset" 491
"../../../../../../Users/tucha/Documents/GitHub/NinjaProjectUnreal/Content/Blueprints/AI/FindClosestPlayer.uasset" 492
"../../../../../../Users/tucha/Documents/GitHub/NinjaProjectUnreal/Content/Blueprints/AI/AIBT.uasset" 493
"../../../../../../Users/tucha/Documents/GitHub/NinjaProjectUnreal/Content/Blueprints/AI/EnemyAIController.uasset" 494
"../../../../../../Users/tucha/Documents/GitHub/NinjaProjectUnreal/Content/Enemy/Ai_Animation/Enemy_Walk.uasset" 495
"../../../../../../Users/tucha/Documents/GitHub/NinjaProjectUnreal/Content/Enemy/Ai_Animation/Enemy_Run.uasset" 496
"../../../../../../Users/tucha/Documents/GitHub/NinjaProjectUnreal/Content/Enemy/Ai_Animation/Enemy_Idle.uasset" 497
"../../../../../../Users/tucha/Documents/GitHub/NinjaProjectUnreal/Content/Enemy/Ai_Animation/EnemyBS.uasset" 498
"../../../../../../Users/tucha/Documents/GitHub/NinjaProjectUnreal/Content/Enemy/Ai_Animation/Enemy_Punch.uasset" 499
"../../../../../../Users/tucha/Documents/GitHub/NinjaProjectUnreal/Content/Enemy/Ai_Animation/EnemyAnim.uasset" 500
"../../../../../../Users/tucha/Documents/GitHub/NinjaProjectUnreal/Content/Enemy/Wrestler_PhysicsAsset.uasset" 501
"../../../../../../Users/tucha/Documents/GitHub/NinjaProjectUnreal/Content/Enemy/Ch43_1001_Specular.uasset" 502
"../../../../../../Users/tucha/Documents/GitHub/NinjaProjectUnreal/Content/Enemy/Ch43_1001_Normal.uasset" 503
"../../../../../../Users/tucha/Documents/GitHub/NinjaProjectUnreal/Content/Enemy/Ch43_1001_Glossiness.uasset" 504
"../../../../../../Users/tucha/Documents/GitHub/NinjaProjectUnreal/Content/Enemy/Ch43_Body.uasset" 505
"../../../../../../Users/tucha/Documents/GitHub/NinjaProjectUnreal/Content/Enemy/Wrestler.uasset" 506
"../../../../../../Users/tucha/Documents/GitHub/NinjaProjectUnreal/Content/Blueprints/AI/AI_BP.uasset" 507
"../../../../../../Users/tucha/Documents/GitHub/NinjaProjectUnreal/Content/Maps/Parkour_Level.umap" 508
"../../../../../../Users/tucha/Documents/GitHub/NinjaProjectUnreal/Content/Blueprints/WinScreen.uasset" 509
"../../../../../../Users/tucha/Documents/GitHub/NinjaProjectUnreal/Content/Maps/WinScreen.umap" 510
"../../../../../../Users/tucha/Documents/GitHub/NinjaProjectUnreal/Content/_Marvelmaster_infinite_reactive_water_/Materials/BasicMaterials/invisible_mat.uasset" 511
"../../../../../../Users/tucha/Documents/GitHub/NinjaProjectUnreal/Content/_Marvelmaster_infinite_reactive_water_/Maps/DynamicWaterFillingExample.umap" 512
"../../../../../../Users/tucha/Documents/GitHub/NinjaProjectUnreal/Content/_Marvelmaster_infinite_reactive_water_/Materials/BasicMaterials/sand_mat_Inst_giant.uasset" 513
"../../../../../../Users/tucha/Documents/GitHub/NinjaProjectUnreal/Content/_Marvelmaster_infinite_reactive_water_/Maps/ReactiveWater_Giant.umap" 514
"../../../../../../Users/tucha/Documents/GitHub/NinjaProjectUnreal/Content/_Marvelmaster_infinite_reactive_water_/Textures/ShapeMasks/ZeldaMask.uasset" 515
"../../../../../../Users/tucha/Documents/GitHub/NinjaProjectUnreal/Content/_Marvelmaster_infinite_reactive_water_/Materials/ParticleMaterials/Rainfall_mat.uasset" 516
"../../../../../../Users/tucha/Documents/GitHub/NinjaProjectUnreal/Content/_Marvelmaster_infinite_reactive_water_/Particles/Rainfall_ps.uasset" 517
"../../../../../../Users/tucha/Documents/GitHub/NinjaProjectUnreal/Content/_Marvelmaster_infinite_reactive_water_/Particles/399157__strathamer__rainy-day.uasset" 518
"../../../../../../Users/tucha/Documents/GitHub/NinjaProjectUnreal/Content/_Marvelmaster_infinite_reactive_water_/Meshes/WaterPlaneForDisplacement_260kV.uasset" 519
"../../../Engine/Content/EngineMaterials/DefaultPhysicalMaterial.uasset" 520
"../../../Engine/Content/EditorMeshes/PlanarReflectionPlane.uasset" 521
"../../../../../../Users/tucha/Documents/GitHub/NinjaProjectUnreal/Content/_Marvelmaster_infinite_reactive_water_/Materials/WaterMaterial_Inst_red.uasset" 522
"../../../../../../Users/tucha/Documents/GitHub/NinjaProjectUnreal/Content/_Marvelmaster_infinite_reactive_water_/Materials/WaterMaterial_Inst_milk.uasset" 523
"../../../../../../Users/tucha/Documents/GitHub/NinjaProjectUnreal/Content/_Marvelmaster_infinite_reactive_water_/Materials/WaterMaterial_Inst_green.uasset" 524
"../../../../../../Users/tucha/Documents/GitHub/NinjaProjectUnreal/Content/_Marvelmaster_infinite_reactive_water_/Materials/WaterMaterial_Inst_brown.uasset" 525
"../../../Engine/Content/EditorMeshes/ColorCalibrator/M_ChromeBall.uasset" 526
"../../../../../../Users/tucha/Documents/GitHub/NinjaProjectUnreal/Content/_Marvelmaster_infinite_reactive_water_/Grass/Textures/grass_N.uasset" 527
"../../../../../../Users/tucha/Documents/GitHub/NinjaProjectUnreal/Content/_Marvelmaster_infinite_reactive_water_/Grass/Textures/grass_D.uasset" 528
"../../../Engine/Content/Functions/Engine_MaterialFunctions01/WorldPositionOffset/SimpleGrassWind.uasset" 529
"../../../../../../Users/tucha/Documents/GitHub/NinjaProjectUnreal/Content/_Marvelmaster_infinite_reactive_water_/Grass/Materials/SimpleGrassSimulation_mat.uasset" 530
"../../../../../../Users/tucha/Documents/GitHub/NinjaProjectUnreal/Content/_Marvelmaster_infinite_reactive_water_/Grass/Materials/SimpleGrassSimulation_mat_Inst.uasset" 531
"../../../../../../Users/tucha/Documents/GitHub/NinjaProjectUnreal/Content/_Marvelmaster_infinite_reactive_water_/Grass/Grass_VPainted.uasset" 532
"../../../../../../Users/tucha/Documents/GitHub/NinjaProjectUnreal/Content/_Marvelmaster_infinite_reactive_water_/Blueprints/RainAtLocation_BP.uasset" 533
"../../../../../../Users/tucha/Documents/GitHub/NinjaProjectUnreal/Content/_Marvelmaster_infinite_reactive_water_/Textures/RainDrop.uasset" 534
"../../../../../../Users/tucha/Documents/GitHub/NinjaProjectUnreal/Content/_Marvelmaster_infinite_reactive_water_/Materials/ComputeMaterials_and_RenderTargets/Raint_Mat.uasset" 535
"../../../../../../Users/tucha/Documents/GitHub/NinjaProjectUnreal/Content/_Marvelmaster_infinite_reactive_water_/Particles/Rain_PS.uasset" 536
"../../../../../../Users/tucha/Documents/GitHub/NinjaProjectUnreal/Content/_Marvelmaster_infinite_reactive_water_/Meshes/Cylinder.uasset" 537
"../../../../../../Users/tucha/Documents/GitHub/NinjaProjectUnreal/Content/_Marvelmaster_infinite_reactive_water_/Materials/DebugMaterials/RainIndicator_mat.uasset" 538
"../../../../../../Users/tucha/Documents/GitHub/NinjaProjectUnreal/Content/_Marvelmaster_infinite_reactive_water_/Blueprints/GPU_Particle_Rain_BP.uasset" 539
"../../../../../../Users/tucha/Documents/GitHub/NinjaProjectUnreal/Content/_Marvelmaster_infinite_reactive_water_/Maps/ReactiveWater_Showcase.umap" 540
"../../../Engine/Content/Maps/Entry_BuiltData.uasset" 541
"../../../Engine/Content/Maps/Entry.umap" 542
